<?xml version="1.0" encoding="UTF-8"?>
<!-- Generated by org.testng.reporters.JUnitReportReporter -->
<testsuite hostname="DESKTOP-O9GM8A3" failures="0" tests="1" name="runner.ReadDataPojoTest" time="3.580" errors="0" timestamp="2025-03-18T10:36:46 IST" skipped="0">
  <testcase classname="runner.ReadDataPojoTest" name="test" time="3.580"/>
</testsuite> <!-- runner.ReadDataPojoTest -->
