<?xml version="1.0" encoding="UTF-8"?>
<!-- Generated by org.testng.reporters.JUnitReportReporter -->
<testsuite hostname="DESKTOP-O9GM8A3" failures="0" tests="1" name="runner.ReadDataJSONTest" time="0.016" errors="0" timestamp="2025-03-17T21:45:08 IST" skipped="0">
  <testcase classname="runner.ReadDataJSONTest" name="testcase1" time="0.016"/>
</testsuite> <!-- runner.ReadDataJSONTest -->
